<?xml version="1.0" encoding="UTF-8"?>
<testng-results ignored="0" total="0" passed="0" failed="0" skipped="0">
  <reporter-output>
  </reporter-output>
  <suite started-at="2021-05-16T17:31:00Z" name="Suite" finished-at="2021-05-16T17:32:28Z" duration-ms="88441">
    <groups>
    </groups>
    <test started-at="2021-05-16T17:31:00Z" name="Test" finished-at="2021-05-16T17:32:28Z" duration-ms="88441">
      <class name="testpackages.RegisterTest">
        <test-method is-config="true" signature="Fireon()[pri:0, instance:testpackages.RegisterTest@3c7c886c]" started-at="2021-05-16T17:31:25Z" name="Fireon" finished-at="2021-05-16T17:31:35Z" duration-ms="10562" status="PASS">
          <reporter-output>
          </reporter-output>
        </test-method> <!-- Fireon -->
        <test-method is-config="true" signature="Teardown()[pri:0, instance:testpackages.RegisterTest@3c7c886c]" started-at="2021-05-16T17:32:27Z" name="Teardown" finished-at="2021-05-16T17:32:28Z" duration-ms="1366" status="PASS">
          <reporter-output>
          </reporter-output>
        </test-method> <!-- Teardown -->
      </class> <!-- testpackages.RegisterTest -->
    </test> <!-- Test -->
  </suite> <!-- Suite -->
</testng-results>
